top - 16:28:39 up 0 min,  0 users,  load average: 0.10, 0.03, 0.01
Tasks:   6 total,   1 running,   5 sleeping,   0 stopped,   0 zombie
%Cpu(s):  0.0 us,  0.0 sy,  0.0 ni,100.0 id,  0.0 wa,  0.0 hi,  0.0 si,  0.0 st
MiB Mem :   7847.9 total,   7406.6 free,    281.0 used,    160.3 buff/cache
MiB Swap:   2048.0 total,   2048.0 free,      0.0 used.   7357.3 avail Mem 

  PID USER      PR  NI    VIRT    RES    SHR S  %CPU  %MEM     TIME+ COMMAND
    1 root      20   0    2324   1504   1404 S   0.0   0.0   0:00.01 init(Ubuntu)
    4 root      20   0    2324      4      0 S   0.0   0.0   0:00.00 init
    7 root      20   0    2340    108      0 S   0.0   0.0   0:00.00 SessionLeader
    8 root      20   0    2340    116      0 S   0.0   0.0   0:00.00 Relay(9)
    9 xucong    20   0    6172   5144   3360 S   0.0   0.1   0:00.08 bash
   42 xucong    20   0    7652   3252   2888 R   0.0   0.0   0:00.00 top

top - 16:28:40 up 0 min,  0 users,  load average: 0.09, 0.03, 0.01
Tasks:   6 total,   1 running,   5 sleeping,   0 stopped,   0 zombie
%Cpu(s):  0.0 us,  0.0 sy,  0.0 ni,100.0 id,  0.0 wa,  0.0 hi,  0.0 si,  0.0 st
MiB Mem :   7847.9 total,   7406.6 free,    281.0 used,    160.3 buff/cache
MiB Swap:   2048.0 total,   2048.0 free,      0.0 used.   7357.3 avail Mem 

  PID USER      PR  NI    VIRT    RES    SHR S  %CPU  %MEM     TIME+ COMMAND
    1 root      20   0    2324   1504   1404 S   0.0   0.0   0:00.01 init(Ubuntu)
    4 root      20   0    2324      4      0 S   0.0   0.0   0:00.00 init
    7 root      20   0    2340    108      0 S   0.0   0.0   0:00.00 SessionLeader
    8 root      20   0    2340    116      0 S   0.0   0.0   0:00.00 Relay(9)
    9 xucong    20   0    6172   5144   3360 S   0.0   0.1   0:00.08 bash
   42 xucong    20   0    7652   3252   2888 R   0.0   0.0   0:00.00 top

top - 16:28:41 up 0 min,  0 users,  load average: 0.09, 0.03, 0.01
Tasks:   6 total,   1 running,   5 sleeping,   0 stopped,   0 zombie
%Cpu(s):  0.0 us,  0.0 sy,  0.0 ni,100.0 id,  0.0 wa,  0.0 hi,  0.0 si,  0.0 st
MiB Mem :   7847.9 total,   7406.6 free,    281.0 used,    160.3 buff/cache
MiB Swap:   2048.0 total,   2048.0 free,      0.0 used.   7357.3 avail Mem 

  PID USER      PR  NI    VIRT    RES    SHR S  %CPU  %MEM     TIME+ COMMAND
    1 root      20   0    2324   1504   1404 S   0.0   0.0   0:00.01 init(Ubuntu)
    4 root      20   0    2324      4      0 S   0.0   0.0   0:00.00 init
    7 root      20   0    2340    108      0 S   0.0   0.0   0:00.00 SessionLeader
    8 root      20   0    2340    116      0 S   0.0   0.0   0:00.00 Relay(9)
    9 xucong    20   0    6172   5144   3360 S   0.0   0.1   0:00.08 bash
   42 xucong    20   0    7652   3252   2888 R   0.0   0.0   0:00.00 top

top - 16:28:42 up 0 min,  0 users,  load average: 0.09, 0.03, 0.01
Tasks:   6 total,   1 running,   5 sleeping,   0 stopped,   0 zombie
%Cpu(s):  0.0 us,  0.0 sy,  0.0 ni,100.0 id,  0.0 wa,  0.0 hi,  0.0 si,  0.0 st
MiB Mem :   7847.9 total,   7406.6 free,    281.0 used,    160.3 buff/cache
MiB Swap:   2048.0 total,   2048.0 free,      0.0 used.   7357.3 avail Mem 

  PID USER      PR  NI    VIRT    RES    SHR S  %CPU  %MEM     TIME+ COMMAND
    1 root      20   0    2324   1504   1404 S   0.0   0.0   0:00.01 init(Ubuntu)
    4 root      20   0    2324      4      0 S   0.0   0.0   0:00.00 init
    7 root      20   0    2340    108      0 S   0.0   0.0   0:00.00 SessionLeader
    8 root      20   0    2340    116      0 S   0.0   0.0   0:00.00 Relay(9)
    9 xucong    20   0    6172   5144   3360 S   0.0   0.1   0:00.08 bash
   42 xucong    20   0    7652   3252   2888 R   0.0   0.0   0:00.00 top

top - 16:28:43 up 0 min,  0 users,  load average: 0.09, 0.03, 0.01
Tasks:   6 total,   1 running,   5 sleeping,   0 stopped,   0 zombie
%Cpu(s):  0.0 us,  0.0 sy,  0.0 ni,100.0 id,  0.0 wa,  0.0 hi,  0.0 si,  0.0 st
MiB Mem :   7847.9 total,   7406.6 free,    281.0 used,    160.3 buff/cache
MiB Swap:   2048.0 total,   2048.0 free,      0.0 used.   7357.3 avail Mem 

  PID USER      PR  NI    VIRT    RES    SHR S  %CPU  %MEM     TIME+ COMMAND
    1 root      20   0    2324   1504   1404 S   0.0   0.0   0:00.01 init(Ubuntu)
    4 root      20   0    2324      4      0 S   0.0   0.0   0:00.00 init
    7 root      20   0    2340    108      0 S   0.0   0.0   0:00.00 SessionLeader
    8 root      20   0    2340    116      0 S   0.0   0.0   0:00.00 Relay(9)
    9 xucong    20   0    6172   5144   3360 S   0.0   0.1   0:00.08 bash
   42 xucong    20   0    7652   3252   2888 R   0.0   0.0   0:00.00 top

top - 16:28:44 up 0 min,  0 users,  load average: 0.09, 0.03, 0.01
Tasks:   6 total,   1 running,   5 sleeping,   0 stopped,   0 zombie
%Cpu(s):  0.0 us,  0.1 sy,  0.0 ni, 99.9 id,  0.0 wa,  0.0 hi,  0.0 si,  0.0 st
MiB Mem :   7847.9 total,   7406.6 free,    281.0 used,    160.3 buff/cache
MiB Swap:   2048.0 total,   2048.0 free,      0.0 used.   7357.3 avail Mem 

  PID USER      PR  NI    VIRT    RES    SHR S  %CPU  %MEM     TIME+ COMMAND
    1 root      20   0    2324   1504   1404 S   0.0   0.0   0:00.01 init(Ubuntu)
    4 root      20   0    2324      4      0 S   0.0   0.0   0:00.00 init
    7 root      20   0    2340    108      0 S   0.0   0.0   0:00.00 SessionLeader
    8 root      20   0    2340    116      0 S   0.0   0.0   0:00.00 Relay(9)
    9 xucong    20   0    6172   5144   3360 S   0.0   0.1   0:00.08 bash
   42 xucong    20   0    7652   3252   2888 R   0.0   0.0   0:00.00 top

top - 16:28:45 up 0 min,  0 users,  load average: 0.08, 0.03, 0.01
Tasks:   6 total,   1 running,   5 sleeping,   0 stopped,   0 zombie
%Cpu(s):  0.0 us,  0.0 sy,  0.0 ni,100.0 id,  0.0 wa,  0.0 hi,  0.0 si,  0.0 st
MiB Mem :   7847.9 total,   7406.6 free,    281.0 used,    160.3 buff/cache
MiB Swap:   2048.0 total,   2048.0 free,      0.0 used.   7357.3 avail Mem 

  PID USER      PR  NI    VIRT    RES    SHR S  %CPU  %MEM     TIME+ COMMAND
    1 root      20   0    2324   1504   1404 S   0.0   0.0   0:00.01 init(Ubuntu)
    4 root      20   0    2324      4      0 S   0.0   0.0   0:00.00 init
    7 root      20   0    2340    108      0 S   0.0   0.0   0:00.00 SessionLeader
    8 root      20   0    2340    116      0 S   0.0   0.0   0:00.00 Relay(9)
    9 xucong    20   0    6172   5144   3360 S   0.0   0.1   0:00.08 bash
   42 xucong    20   0    7652   3252   2888 R   0.0   0.0   0:00.00 top

top - 16:28:46 up 0 min,  0 users,  load average: 0.08, 0.03, 0.01
Tasks:   6 total,   1 running,   5 sleeping,   0 stopped,   0 zombie
%Cpu(s):  0.0 us,  0.0 sy,  0.0 ni,100.0 id,  0.0 wa,  0.0 hi,  0.0 si,  0.0 st
MiB Mem :   7847.9 total,   7406.6 free,    281.0 used,    160.3 buff/cache
MiB Swap:   2048.0 total,   2048.0 free,      0.0 used.   7357.3 avail Mem 

  PID USER      PR  NI    VIRT    RES    SHR S  %CPU  %MEM     TIME+ COMMAND
    1 root      20   0    2324   1504   1404 S   0.0   0.0   0:00.01 init(Ubuntu)
    4 root      20   0    2324      4      0 S   0.0   0.0   0:00.00 init
    7 root      20   0    2340    108      0 S   0.0   0.0   0:00.00 SessionLeader
    8 root      20   0    2340    116      0 S   0.0   0.0   0:00.00 Relay(9)
    9 xucong    20   0    6172   5144   3360 S   0.0   0.1   0:00.08 bash
   42 xucong    20   0    7652   3252   2888 R   0.0   0.0   0:00.00 top

top - 16:28:47 up 0 min,  0 users,  load average: 0.08, 0.03, 0.01
Tasks:   6 total,   1 running,   5 sleeping,   0 stopped,   0 zombie
%Cpu(s):  0.0 us,  0.0 sy,  0.0 ni,100.0 id,  0.0 wa,  0.0 hi,  0.0 si,  0.0 st
MiB Mem :   7847.9 total,   7406.6 free,    281.0 used,    160.3 buff/cache
MiB Swap:   2048.0 total,   2048.0 free,      0.0 used.   7357.3 avail Mem 

  PID USER      PR  NI    VIRT    RES    SHR S  %CPU  %MEM     TIME+ COMMAND
    1 root      20   0    2324   1504   1404 S   0.0   0.0   0:00.01 init(Ubuntu)
    4 root      20   0    2324      4      0 S   0.0   0.0   0:00.00 init
    7 root      20   0    2340    108      0 S   0.0   0.0   0:00.00 SessionLeader
    8 root      20   0    2340    116      0 S   0.0   0.0   0:00.00 Relay(9)
    9 xucong    20   0    6172   5144   3360 S   0.0   0.1   0:00.08 bash
   42 xucong    20   0    7652   3252   2888 R   0.0   0.0   0:00.00 top

top - 16:28:48 up 0 min,  0 users,  load average: 0.08, 0.03, 0.01
Tasks:   6 total,   1 running,   5 sleeping,   0 stopped,   0 zombie
%Cpu(s):  0.0 us,  0.0 sy,  0.0 ni,100.0 id,  0.0 wa,  0.0 hi,  0.0 si,  0.0 st
MiB Mem :   7847.9 total,   7406.6 free,    281.0 used,    160.3 buff/cache
MiB Swap:   2048.0 total,   2048.0 free,      0.0 used.   7357.3 avail Mem 

  PID USER      PR  NI    VIRT    RES    SHR S  %CPU  %MEM     TIME+ COMMAND
    1 root      20   0    2324   1504   1404 S   0.0   0.0   0:00.01 init(Ubuntu)
    4 root      20   0    2324      4      0 S   0.0   0.0   0:00.00 init
    7 root      20   0    2340    108      0 S   0.0   0.0   0:00.00 SessionLeader
    8 root      20   0    2340    116      0 S   0.0   0.0   0:00.00 Relay(9)
    9 xucong    20   0    6172   5144   3360 S   0.0   0.1   0:00.08 bash
   42 xucong    20   0    7652   3252   2888 R   0.0   0.0   0:00.00 top

top - 16:28:49 up 0 min,  0 users,  load average: 0.08, 0.03, 0.01
Tasks:   6 total,   1 running,   5 sleeping,   0 stopped,   0 zombie
%Cpu(s):  0.0 us,  0.0 sy,  0.0 ni,100.0 id,  0.0 wa,  0.0 hi,  0.0 si,  0.0 st
MiB Mem :   7847.9 total,   7406.6 free,    281.0 used,    160.3 buff/cache
MiB Swap:   2048.0 total,   2048.0 free,      0.0 used.   7357.3 avail Mem 

  PID USER      PR  NI    VIRT    RES    SHR S  %CPU  %MEM     TIME+ COMMAND
    1 root      20   0    2324   1504   1404 S   0.0   0.0   0:00.01 init(Ubuntu)
    4 root      20   0    2324      4      0 S   0.0   0.0   0:00.00 init
    7 root      20   0    2340    108      0 S   0.0   0.0   0:00.00 SessionLeader
    8 root      20   0    2340    116      0 S   0.0   0.0   0:00.00 Relay(9)
    9 xucong    20   0    6172   5144   3360 S   0.0   0.1   0:00.08 bash
   42 xucong    20   0    7652   3252   2888 R   0.0   0.0   0:00.00 top

top - 16:28:50 up 0 min,  0 users,  load average: 0.07, 0.03, 0.01
Tasks:   6 total,   1 running,   5 sleeping,   0 stopped,   0 zombie
%Cpu(s):  0.0 us,  0.0 sy,  0.0 ni,100.0 id,  0.0 wa,  0.0 hi,  0.0 si,  0.0 st
MiB Mem :   7847.9 total,   7406.6 free,    281.0 used,    160.3 buff/cache
MiB Swap:   2048.0 total,   2048.0 free,      0.0 used.   7357.3 avail Mem 

  PID USER      PR  NI    VIRT    RES    SHR S  %CPU  %MEM     TIME+ COMMAND
    1 root      20   0    2324   1504   1404 S   0.0   0.0   0:00.01 init(Ubuntu)
    4 root      20   0    2324      4      0 S   0.0   0.0   0:00.00 init
    7 root      20   0    2340    108      0 S   0.0   0.0   0:00.00 SessionLeader
    8 root      20   0    2340    116      0 S   0.0   0.0   0:00.00 Relay(9)
    9 xucong    20   0    6172   5144   3360 S   0.0   0.1   0:00.08 bash
   42 xucong    20   0    7652   3252   2888 R   0.0   0.0   0:00.00 top

top - 16:28:51 up 0 min,  0 users,  load average: 0.07, 0.03, 0.01
Tasks:   6 total,   1 running,   5 sleeping,   0 stopped,   0 zombie
%Cpu(s):  0.0 us,  0.0 sy,  0.0 ni,100.0 id,  0.0 wa,  0.0 hi,  0.0 si,  0.0 st
MiB Mem :   7847.9 total,   7406.6 free,    281.0 used,    160.3 buff/cache
MiB Swap:   2048.0 total,   2048.0 free,      0.0 used.   7357.3 avail Mem 

  PID USER      PR  NI    VIRT    RES    SHR S  %CPU  %MEM     TIME+ COMMAND
    1 root      20   0    2324   1504   1404 S   0.0   0.0   0:00.01 init(Ubuntu)
    4 root      20   0    2324      4      0 S   0.0   0.0   0:00.00 init
    7 root      20   0    2340    108      0 S   0.0   0.0   0:00.00 SessionLeader
    8 root      20   0    2340    116      0 S   0.0   0.0   0:00.00 Relay(9)
    9 xucong    20   0    6172   5144   3360 S   0.0   0.1   0:00.08 bash
   42 xucong    20   0    7652   3252   2888 R   0.0   0.0   0:00.00 top

top - 16:28:52 up 0 min,  0 users,  load average: 0.07, 0.03, 0.01
Tasks:   6 total,   1 running,   5 sleeping,   0 stopped,   0 zombie
%Cpu(s):  0.0 us,  0.0 sy,  0.0 ni,100.0 id,  0.0 wa,  0.0 hi,  0.0 si,  0.0 st
MiB Mem :   7847.9 total,   7406.6 free,    281.0 used,    160.3 buff/cache
MiB Swap:   2048.0 total,   2048.0 free,      0.0 used.   7357.3 avail Mem 

  PID USER      PR  NI    VIRT    RES    SHR S  %CPU  %MEM     TIME+ COMMAND
    1 root      20   0    2324   1504   1404 S   0.0   0.0   0:00.01 init(Ubuntu)
    4 root      20   0    2324      4      0 S   0.0   0.0   0:00.00 init
    7 root      20   0    2340    108      0 S   0.0   0.0   0:00.00 SessionLeader
    8 root      20   0    2340    116      0 S   0.0   0.0   0:00.00 Relay(9)
    9 xucong    20   0    6172   5144   3360 S   0.0   0.1   0:00.08 bash
   42 xucong    20   0    7652   3252   2888 R   0.0   0.0   0:00.00 top

top - 16:28:53 up 0 min,  0 users,  load average: 0.07, 0.03, 0.01
Tasks:   6 total,   1 running,   5 sleeping,   0 stopped,   0 zombie
%Cpu(s):  0.0 us,  0.0 sy,  0.0 ni,100.0 id,  0.0 wa,  0.0 hi,  0.0 si,  0.0 st
MiB Mem :   7847.9 total,   7406.6 free,    281.0 used,    160.3 buff/cache
MiB Swap:   2048.0 total,   2048.0 free,      0.0 used.   7357.3 avail Mem 

  PID USER      PR  NI    VIRT    RES    SHR S  %CPU  %MEM     TIME+ COMMAND
    1 root      20   0    2324   1504   1404 S   0.0   0.0   0:00.01 init(Ubuntu)
    4 root      20   0    2324      4      0 S   0.0   0.0   0:00.00 init
    7 root      20   0    2340    108      0 S   0.0   0.0   0:00.00 SessionLeader
    8 root      20   0    2340    116      0 S   0.0   0.0   0:00.00 Relay(9)
    9 xucong    20   0    6172   5144   3360 S   0.0   0.1   0:00.08 bash
   42 xucong    20   0    7652   3252   2888 R   0.0   0.0   0:00.00 top

top - 16:28:54 up 0 min,  0 users,  load average: 0.07, 0.03, 0.01
Tasks:   6 total,   1 running,   5 sleeping,   0 stopped,   0 zombie
%Cpu(s):  0.1 us,  0.0 sy,  0.0 ni, 99.9 id,  0.0 wa,  0.0 hi,  0.0 si,  0.0 st
MiB Mem :   7847.9 total,   7406.6 free,    281.0 used,    160.3 buff/cache
MiB Swap:   2048.0 total,   2048.0 free,      0.0 used.   7357.3 avail Mem 

  PID USER      PR  NI    VIRT    RES    SHR S  %CPU  %MEM     TIME+ COMMAND
    1 root      20   0    2324   1504   1404 S   0.0   0.0   0:00.01 init(Ubuntu)
    4 root      20   0    2324      4      0 S   0.0   0.0   0:00.00 init
    7 root      20   0    2340    108      0 S   0.0   0.0   0:00.00 SessionLeader
    8 root      20   0    2340    116      0 S   0.0   0.0   0:00.00 Relay(9)
    9 xucong    20   0    6172   5144   3360 S   0.0   0.1   0:00.08 bash
   42 xucong    20   0    7652   3252   2888 R   0.0   0.0   0:00.00 top

top - 16:28:55 up 0 min,  0 users,  load average: 0.07, 0.03, 0.01
Tasks:   6 total,   1 running,   5 sleeping,   0 stopped,   0 zombie
%Cpu(s):  0.0 us,  0.0 sy,  0.0 ni,100.0 id,  0.0 wa,  0.0 hi,  0.0 si,  0.0 st
MiB Mem :   7847.9 total,   7406.6 free,    281.0 used,    160.3 buff/cache
MiB Swap:   2048.0 total,   2048.0 free,      0.0 used.   7357.3 avail Mem 

  PID USER      PR  NI    VIRT    RES    SHR S  %CPU  %MEM     TIME+ COMMAND
   42 xucong    20   0    7652   3252   2888 R   1.0   0.0   0:00.01 top
    1 root      20   0    2324   1504   1404 S   0.0   0.0   0:00.01 init(Ubuntu)
    4 root      20   0    2324      4      0 S   0.0   0.0   0:00.00 init
    7 root      20   0    2340    108      0 S   0.0   0.0   0:00.00 SessionLeader
    8 root      20   0    2340    116      0 S   0.0   0.0   0:00.00 Relay(9)
    9 xucong    20   0    6172   5144   3360 S   0.0   0.1   0:00.08 bash

top - 16:28:56 up 0 min,  0 users,  load average: 0.07, 0.03, 0.01
Tasks:   6 total,   1 running,   5 sleeping,   0 stopped,   0 zombie
%Cpu(s):  0.0 us,  0.0 sy,  0.0 ni,100.0 id,  0.0 wa,  0.0 hi,  0.0 si,  0.0 st
MiB Mem :   7847.9 total,   7406.6 free,    281.0 used,    160.3 buff/cache
MiB Swap:   2048.0 total,   2048.0 free,      0.0 used.   7357.3 avail Mem 

  PID USER      PR  NI    VIRT    RES    SHR S  %CPU  %MEM     TIME+ COMMAND
    1 root      20   0    2324   1504   1404 S   0.0   0.0   0:00.01 init(Ubuntu)
    4 root      20   0    2324      4      0 S   0.0   0.0   0:00.00 init
    7 root      20   0    2340    108      0 S   0.0   0.0   0:00.00 SessionLeader
    8 root      20   0    2340    116      0 S   0.0   0.0   0:00.00 Relay(9)
    9 xucong    20   0    6172   5144   3360 S   0.0   0.1   0:00.08 bash
   42 xucong    20   0    7652   3252   2888 R   0.0   0.0   0:00.01 top

top - 16:28:57 up 0 min,  0 users,  load average: 0.07, 0.03, 0.01
Tasks:   6 total,   1 running,   5 sleeping,   0 stopped,   0 zombie
%Cpu(s):  0.0 us,  0.0 sy,  0.0 ni,100.0 id,  0.0 wa,  0.0 hi,  0.0 si,  0.0 st
MiB Mem :   7847.9 total,   7406.6 free,    281.0 used,    160.3 buff/cache
MiB Swap:   2048.0 total,   2048.0 free,      0.0 used.   7357.3 avail Mem 

  PID USER      PR  NI    VIRT    RES    SHR S  %CPU  %MEM     TIME+ COMMAND
    1 root      20   0    2324   1504   1404 S   0.0   0.0   0:00.01 init(Ubuntu)
    4 root      20   0    2324      4      0 S   0.0   0.0   0:00.00 init
    7 root      20   0    2340    108      0 S   0.0   0.0   0:00.00 SessionLeader
    8 root      20   0    2340    116      0 S   0.0   0.0   0:00.00 Relay(9)
    9 xucong    20   0    6172   5144   3360 S   0.0   0.1   0:00.08 bash
   42 xucong    20   0    7652   3252   2888 R   0.0   0.0   0:00.01 top

top - 16:28:58 up 0 min,  0 users,  load average: 0.07, 0.03, 0.01
Tasks:   6 total,   1 running,   5 sleeping,   0 stopped,   0 zombie
%Cpu(s):  0.0 us,  0.0 sy,  0.0 ni,100.0 id,  0.0 wa,  0.0 hi,  0.0 si,  0.0 st
MiB Mem :   7847.9 total,   7406.6 free,    281.0 used,    160.3 buff/cache
MiB Swap:   2048.0 total,   2048.0 free,      0.0 used.   7357.3 avail Mem 

  PID USER      PR  NI    VIRT    RES    SHR S  %CPU  %MEM     TIME+ COMMAND
    1 root      20   0    2324   1504   1404 S   0.0   0.0   0:00.01 init(Ubuntu)
    4 root      20   0    2324      4      0 S   0.0   0.0   0:00.00 init
    7 root      20   0    2340    108      0 S   0.0   0.0   0:00.00 SessionLeader
    8 root      20   0    2340    116      0 S   0.0   0.0   0:00.00 Relay(9)
    9 xucong    20   0    6172   5144   3360 S   0.0   0.1   0:00.08 bash
   42 xucong    20   0    7652   3252   2888 R   0.0   0.0   0:00.01 top

top - 16:28:59 up 1 min,  0 users,  load average: 0.07, 0.03, 0.01
Tasks:   6 total,   1 running,   5 sleeping,   0 stopped,   0 zombie
%Cpu(s):  0.0 us,  0.2 sy,  0.0 ni, 99.8 id,  0.0 wa,  0.0 hi,  0.0 si,  0.0 st
MiB Mem :   7847.9 total,   7406.6 free,    281.0 used,    160.3 buff/cache
MiB Swap:   2048.0 total,   2048.0 free,      0.0 used.   7357.3 avail Mem 

  PID USER      PR  NI    VIRT    RES    SHR S  %CPU  %MEM     TIME+ COMMAND
    1 root      20   0    2324   1504   1404 S   0.0   0.0   0:00.01 init(Ubuntu)
    4 root      20   0    2324      4      0 S   0.0   0.0   0:00.00 init
    7 root      20   0    2340    108      0 S   0.0   0.0   0:00.00 SessionLeader
    8 root      20   0    2340    116      0 S   0.0   0.0   0:00.00 Relay(9)
    9 xucong    20   0    6172   5144   3360 S   0.0   0.1   0:00.08 bash
   42 xucong    20   0    7652   3252   2888 R   0.0   0.0   0:00.01 top
